#HEADER   Base Pairing/Triplet Scheme for Structure File                1ehz
#HEADER   HT option was selected to consider non-natural nucleotides also
#HEADER   Consideration of CH...O H-Bond: Yes
#HEADER   Consideration of Sugar mediated H-bondB: Yes
#HEADER   Choise of HETATM entries: Yes
#HEADER   Option as Oligonucleotide: No 
#HEADER   Program BPFIND run with the following options:
#HEADER   Distance cutoff: 3.8   Angle cutoff: 120.0   E-value cutoff: 1.8
#HEADER   Cleaned number of residues:     76
#=====
# Generated by BPFIND release June 2020, version  2.1.17
#=====
#===============================================================================
#Column starting from > mark represent the following:
#>Serial number of nucleotides
#------>Residue number as in PDB
#---------------->Residue name
#------------------>PDB_ins_code. Useful in tRNA with long variable loop
#-------------------->Chain ID
#---------------------->Serial number of the paired base
#------------------------------>Residue number of the paired base as in PDB
#--------------------------------------->Residue name of the paired base
#----------------------------------------->PDB_ins_code of the paired residue
#------------------------------------------->Chain ID of the paired base
#----------------------------------------------->Base pair type
#----------------------------------------------------->Base pair indicator
#------------------------------------------------------->E-value indicating base pair deformation
#-------------------------------------------------------------->Equivalent information for other pairs, such as in base triples
     1       1   G ? A       72    72   C ? A    W:WC BP 0.32
     2       2   C ? A       71    71   G ? A    W:WC BP 0.18
     3       3   G ? A       70    70   C ? A    W:WC BP 0.19
     4       4   G ? A       69    69   U ? A    W:WC BP 0.11
     5       5   A ? A       68    68   U ? A    W:WC BP 0.24
     6       6   U ? A       67    67   A ? A    W:WC BP 0.27
     7       7   U ? A       66    66   A ? A    W:WC BP 0.24
     8       8   U ? A       14    14   A ? A    W:HT BP 0.39
     9       9   A ? A       23    23   A ? A    H:HT BP 0.68
    10      10 2MG ? A       25    25   C ? A    W:WC BP 0.20
    11      11   C ? A       24    24   G ? A    W:WC BP 0.27
    12      12   U ? A       23    23   A ? A    W:WC BP 0.15
    13      13   C ? A       22    22   G ? A    W:WC BP 0.19
    14      14   A ? A        8     8   U ? A    H:WT BP 0.39
    15      15   G ? A       48    48   C ? A    W:WT BP 0.29
    16      16 H2U ? A   
    17      17 H2U ? A   
    18      18   G ? A   
    19      19   G ? A       56    56   C ? A    W:WC BP 0.42
    20      20   G ? A   
    21      21   A ? A   
    22      22   G ? A       13    13   C ? A    W:WC BP 0.19    46    46 7MG ? A    H:WT TP 0.27
    23      23   A ? A       12    12   U ? A    W:WC BP 0.15     9     9   A ? A    H:HT TP 0.68
    24      24   G ? A       11    11   C ? A    W:WC BP 0.27
    25      25   C ? A       10    10 2MG ? A    W:WC BP 0.20
    26      26 M2G ? A       44    44   A ? A    W:WC BP 0.28
    27      27   C ? A       43    43   G ? A    W:WC BP 0.26
    28      28   C ? A       42    42   G ? A    W:WC BP 0.24
    29      29   A ? A       41    41   U ? A    W:WC BP 0.15
    30      30   G ? A       40    40 5MC ? A    W:WC BP 0.36
    31      31   A ? A   
    32      32 OMC ? A   
    33      33   U ? A   
    34      34 OMG ? A   
    35      35   A ? A   
    36      36   A ? A   
    37      37 YYG ? A   
    38      38   A ? A   
    39      39 PSU ? A   
    40      40 5MC ? A       30    30   G ? A    W:WC BP 0.36
    41      41   U ? A       29    29   A ? A    W:WC BP 0.15
    42      42   G ? A       28    28   C ? A    W:WC BP 0.24
    43      43   G ? A       27    27   C ? A    W:WC BP 0.26
    44      44   A ? A       26    26 M2G ? A    W:WC BP 0.28
    45      45   G ? A   
    46      46 7MG ? A       22    22   G ? A    W:HT BP 0.27
    47      47   U ? A   
    48      48   C ? A       15    15   G ? A    W:WT BP 0.29
    49      49 5MC ? A       65    65   G ? A    W:WC BP 0.15
    50      50   U ? A       64    64   A ? A    W:WC BP 0.20
    51      51   G ? A       63    63   C ? A    W:WC BP 0.24
    52      52   U ? A       62    62   A ? A    W:WC BP 0.17
    53      53   G ? A       61    61   C ? A    W:WC BP 0.25
    54      54 5MU ? A       58    58 1MA ? A    W:HT BP 0.30
    55      55 PSU ? A   
    56      56   C ? A       19    19   G ? A    W:WC BP 0.42
    57      57   G ? A   
    58      58 1MA ? A       54    54 5MU ? A    H:WT BP 0.30
    59      59   U ? A   
    60      60   C ? A   
    61      61   C ? A       53    53   G ? A    W:WC BP 0.25
    62      62   A ? A       52    52   U ? A    W:WC BP 0.17
    63      63   C ? A       51    51   G ? A    W:WC BP 0.24
    64      64   A ? A       50    50   U ? A    W:WC BP 0.20
    65      65   G ? A       49    49 5MC ? A    W:WC BP 0.15
    66      66   A ? A        7     7   U ? A    W:WC BP 0.24
    67      67   A ? A        6     6   U ? A    W:WC BP 0.27
    68      68   U ? A        5     5   A ? A    W:WC BP 0.24
    69      69   U ? A        4     4   G ? A    W:WC BP 0.11
    70      70   C ? A        3     3   G ? A    W:WC BP 0.19
    71      71   G ? A        2     2   C ? A    W:WC BP 0.18
    72      72   C ? A        1     1   G ? A    W:WC BP 0.32
    73      73   A ? A   
    74      74   C ? A   
    75      75   C ? A   
    76      76   A ? A   
